0 info it worked if it ends with ok
1 verbose cli [ 'node',
1 verbose cli   '/usr/local/bin/npm',
1 verbose cli   'install',
1 verbose cli   '-g',
1 verbose cli   'bower',
1 verbose cli   'grunt-cli' ]
2 info using npm@1.4.28
3 info using node@v0.10.32
4 verbose cache add [ 'bower', null ]
5 verbose cache add name=undefined spec="bower" args=["bower",null]
6 verbose parsed url { protocol: null,
6 verbose parsed url   slashes: null,
6 verbose parsed url   auth: null,
6 verbose parsed url   host: null,
6 verbose parsed url   port: null,
6 verbose parsed url   hostname: null,
6 verbose parsed url   hash: null,
6 verbose parsed url   search: null,
6 verbose parsed url   query: null,
6 verbose parsed url   pathname: 'bower',
6 verbose parsed url   path: 'bower',
6 verbose parsed url   href: 'bower' }
7 verbose cache add [ 'grunt-cli', null ]
8 verbose cache add name=undefined spec="grunt-cli" args=["grunt-cli",null]
9 verbose parsed url { protocol: null,
9 verbose parsed url   slashes: null,
9 verbose parsed url   auth: null,
9 verbose parsed url   host: null,
9 verbose parsed url   port: null,
9 verbose parsed url   hostname: null,
9 verbose parsed url   hash: null,
9 verbose parsed url   search: null,
9 verbose parsed url   query: null,
9 verbose parsed url   pathname: 'grunt-cli',
9 verbose parsed url   path: 'grunt-cli',
9 verbose parsed url   href: 'grunt-cli' }
10 silly lockFile 206e3ce5-bower bower
11 verbose lock bower /Users/ChristopherValdez/.npm/206e3ce5-bower.lock
12 silly lockFile 671ef8ac-grunt-cli grunt-cli
13 verbose lock grunt-cli /Users/ChristopherValdez/.npm/671ef8ac-grunt-cli.lock
14 silly lockFile 206e3ce5-bower bower
15 silly lockFile 206e3ce5-bower bower
16 silly lockFile 671ef8ac-grunt-cli grunt-cli
17 silly lockFile 671ef8ac-grunt-cli grunt-cli
18 verbose addNamed [ 'bower', '' ]
19 verbose addNamed [ null, '*' ]
20 silly lockFile 1240aab1-bower bower@
21 verbose lock bower@ /Users/ChristopherValdez/.npm/1240aab1-bower.lock
22 verbose addNamed [ 'grunt-cli', '' ]
23 verbose addNamed [ null, '*' ]
24 silly lockFile d63f3d0b-grunt-cli grunt-cli@
25 verbose lock grunt-cli@ /Users/ChristopherValdez/.npm/d63f3d0b-grunt-cli.lock
26 silly addNameRange { name: 'bower', range: '*', hasData: false }
27 silly addNameRange { name: 'grunt-cli', range: '*', hasData: false }
28 verbose request where is /grunt-cli
29 verbose request registry https://registry.npmjs.org/
30 verbose request id 8e4ddf470e9b3b01
31 verbose url raw /grunt-cli
32 verbose url resolving [ 'https://registry.npmjs.org/', './grunt-cli' ]
33 verbose url resolved https://registry.npmjs.org/grunt-cli
34 verbose request where is https://registry.npmjs.org/grunt-cli
35 info trying registry request attempt 1 at 19:21:00
36 http GET https://registry.npmjs.org/grunt-cli
37 verbose request where is /bower
38 verbose request registry https://registry.npmjs.org/
39 verbose url raw /bower
40 verbose url resolving [ 'https://registry.npmjs.org/', './bower' ]
41 verbose url resolved https://registry.npmjs.org/bower
42 verbose request where is https://registry.npmjs.org/bower
43 info trying registry request attempt 1 at 19:21:00
44 verbose etag "BNEPXH85JRVX0PTJ3Z7BEQ39Y"
45 http GET https://registry.npmjs.org/bower
46 http 200 https://registry.npmjs.org/grunt-cli
47 silly registry.get cb [ 200,
47 silly registry.get   { date: 'Fri, 17 Oct 2014 00:21:00 GMT',
47 silly registry.get     server: 'CouchDB/1.5.0 (Erlang OTP/R16B03)',
47 silly registry.get     etag: '"42HXSJEDKXE3E77LORJEEZN7I"',
47 silly registry.get     'content-type': 'application/json',
47 silly registry.get     'cache-control': 'max-age=60',
47 silly registry.get     'content-length': '19941',
47 silly registry.get     'accept-ranges': 'bytes',
47 silly registry.get     via: '1.1 varnish',
47 silly registry.get     age: '6',
47 silly registry.get     'x-served-by': 'cache-dfw1835-DFW',
47 silly registry.get     'x-cache': 'HIT',
47 silly registry.get     'x-cache-hits': '1',
47 silly registry.get     'x-timer': 'S1413505260.163560,VS0,VE0',
47 silly registry.get     vary: 'Accept',
47 silly registry.get     'keep-alive': 'timeout=10, max=50',
47 silly registry.get     connection: 'Keep-Alive' } ]
48 silly addNameRange number 2 { name: 'grunt-cli', range: '*', hasData: true }
49 silly addNameRange versions [ 'grunt-cli',
49 silly addNameRange   [ '0.1.0',
49 silly addNameRange     '0.1.1',
49 silly addNameRange     '0.1.2',
49 silly addNameRange     '0.1.3',
49 silly addNameRange     '0.1.4',
49 silly addNameRange     '0.1.5',
49 silly addNameRange     '0.1.6',
49 silly addNameRange     '0.1.7',
49 silly addNameRange     '0.1.8',
49 silly addNameRange     '0.1.9',
49 silly addNameRange     '0.1.10',
49 silly addNameRange     '0.1.11',
49 silly addNameRange     '0.1.12',
49 silly addNameRange     '0.1.13' ] ]
50 verbose addNamed [ 'grunt-cli', '0.1.13' ]
51 verbose addNamed [ '0.1.13', '0.1.13' ]
52 silly lockFile 28997503-grunt-cli-0-1-13 grunt-cli@0.1.13
53 verbose lock grunt-cli@0.1.13 /Users/ChristopherValdez/.npm/28997503-grunt-cli-0-1-13.lock
54 silly lockFile ab76c46e-g-grunt-cli-grunt-cli-0-1-13-tgz https://registry.npmjs.org/grunt-cli/-/grunt-cli-0.1.13.tgz
55 verbose lock https://registry.npmjs.org/grunt-cli/-/grunt-cli-0.1.13.tgz /Users/ChristopherValdez/.npm/ab76c46e-g-grunt-cli-grunt-cli-0-1-13-tgz.lock
56 verbose addRemoteTarball [ 'https://registry.npmjs.org/grunt-cli/-/grunt-cli-0.1.13.tgz',
56 verbose addRemoteTarball   'e9ebc4047631f5012d922770c39378133cad10f4' ]
57 info retry fetch attempt 1 at 19:21:00
58 verbose fetch to= /var/folders/t7/gy75pq_n38749v40znvyv07w0000gp/T/npm-18901-4MW88gkq/registry.npmjs.org/grunt-cli/-/grunt-cli-0.1.13.tgz
59 http GET https://registry.npmjs.org/grunt-cli/-/grunt-cli-0.1.13.tgz
60 http 200 https://registry.npmjs.org/bower
61 silly registry.get cb [ 200,
61 silly registry.get   { date: 'Fri, 17 Oct 2014 00:21:00 GMT',
61 silly registry.get     server: 'CouchDB/1.5.0 (Erlang OTP/R16B03)',
61 silly registry.get     etag: '"DRMYYKJFN4V0CQBS22243WM65"',
61 silly registry.get     'content-type': 'application/json',
61 silly registry.get     'cache-control': 'max-age=60',
61 silly registry.get     'content-length': '105325',
61 silly registry.get     'accept-ranges': 'bytes',
61 silly registry.get     via: '1.1 varnish',
61 silly registry.get     age: '47',
61 silly registry.get     'x-served-by': 'cache-dfw1822-DFW',
61 silly registry.get     'x-cache': 'HIT',
61 silly registry.get     'x-cache-hits': '1',
61 silly registry.get     'x-timer': 'S1413505260.163884,VS0,VE0',
61 silly registry.get     vary: 'Accept',
61 silly registry.get     'keep-alive': 'timeout=10, max=50',
61 silly registry.get     connection: 'Keep-Alive' } ]
62 silly addNameRange number 2 { name: 'bower', range: '*', hasData: true }
63 silly addNameRange versions [ 'bower',
63 silly addNameRange   [ '0.1.0',
63 silly addNameRange     '0.1.2',
63 silly addNameRange     '0.1.3',
63 silly addNameRange     '0.2.0',
63 silly addNameRange     '0.3.0',
63 silly addNameRange     '0.3.1',
63 silly addNameRange     '0.3.2',
63 silly addNameRange     '0.4.0',
63 silly addNameRange     '0.5.0',
63 silly addNameRange     '0.5.1',
63 silly addNameRange     '0.6.0',
63 silly addNameRange     '0.6.1',
63 silly addNameRange     '0.6.2',
63 silly addNameRange     '0.6.3',
63 silly addNameRange     '0.6.4',
63 silly addNameRange     '0.6.5',
63 silly addNameRange     '0.6.6',
63 silly addNameRange     '0.6.7',
63 silly addNameRange     '0.6.8',
63 silly addNameRange     '0.7.0',
63 silly addNameRange     '0.7.1',
63 silly addNameRange     '0.8.0',
63 silly addNameRange     '0.8.1',
63 silly addNameRange     '0.8.2',
63 silly addNameRange     '0.8.3',
63 silly addNameRange     '0.8.4',
63 silly addNameRange     '0.8.5',
63 silly addNameRange     '0.8.6',
63 silly addNameRange     '0.9.0',
63 silly addNameRange     '0.9.1',
63 silly addNameRange     '0.9.2',
63 silly addNameRange     '0.10.0',
63 silly addNameRange     '1.0.0',
63 silly addNameRange     '1.0.1',
63 silly addNameRange     '1.0.2',
63 silly addNameRange     '1.0.3',
63 silly addNameRange     '1.1.0',
63 silly addNameRange     '1.1.1',
63 silly addNameRange     '1.1.2',
63 silly addNameRange     '1.2.0',
63 silly addNameRange     '1.2.1',
63 silly addNameRange     '1.2.2',
63 silly addNameRange     '1.2.3',
63 silly addNameRange     '1.2.4',
63 silly addNameRange     '1.2.5',
63 silly addNameRange     '1.2.6',
63 silly addNameRange     '1.2.7',
63 silly addNameRange     '1.2.8',
63 silly addNameRange     '1.3.0',
63 silly addNameRange     '1.3.1',
63 silly addNameRange     '1.3.2',
63 silly addNameRange     '1.3.3',
63 silly addNameRange     '1.3.4',
63 silly addNameRange     '1.3.5',
63 silly addNameRange     '1.3.6',
63 silly addNameRange     '1.3.7',
63 silly addNameRange     '1.3.8',
63 silly addNameRange     '1.3.9',
63 silly addNameRange     '1.3.10',
63 silly addNameRange     '1.3.11',
63 silly addNameRange     '1.3.12' ] ]
64 verbose addNamed [ 'bower', '1.3.12' ]
65 verbose addNamed [ '1.3.12', '1.3.12' ]
66 silly lockFile 9819431c-bower-1-3-12 bower@1.3.12
67 verbose lock bower@1.3.12 /Users/ChristopherValdez/.npm/9819431c-bower-1-3-12.lock
68 silly lockFile 9819431c-bower-1-3-12 bower@1.3.12
69 silly lockFile 9819431c-bower-1-3-12 bower@1.3.12
70 silly lockFile 1240aab1-bower bower@
71 silly lockFile 1240aab1-bower bower@
72 http 200 https://registry.npmjs.org/grunt-cli/-/grunt-cli-0.1.13.tgz
73 silly lockFile ab76c46e-g-grunt-cli-grunt-cli-0-1-13-tgz https://registry.npmjs.org/grunt-cli/-/grunt-cli-0.1.13.tgz
74 silly lockFile ab76c46e-g-grunt-cli-grunt-cli-0-1-13-tgz https://registry.npmjs.org/grunt-cli/-/grunt-cli-0.1.13.tgz
75 silly lockFile 28997503-grunt-cli-0-1-13 grunt-cli@0.1.13
76 silly lockFile 28997503-grunt-cli-0-1-13 grunt-cli@0.1.13
77 silly lockFile d63f3d0b-grunt-cli grunt-cli@
78 silly lockFile d63f3d0b-grunt-cli grunt-cli@
79 silly resolved [ { name: 'bower',
79 silly resolved     version: '1.3.12',
79 silly resolved     description: 'The browser package manager',
79 silly resolved     author: { name: 'Twitter' },
79 silly resolved     licenses: [ [Object] ],
79 silly resolved     repository: { type: 'git', url: 'https://github.com/bower/bower' },
79 silly resolved     main: 'lib',
79 silly resolved     homepage: 'http://bower.io',
79 silly resolved     engines: { node: '>=0.10.0' },
79 silly resolved     dependencies:
79 silly resolved      { abbrev: '~1.0.4',
79 silly resolved        archy: '0.0.2',
79 silly resolved        'bower-config': '~0.5.2',
79 silly resolved        'bower-endpoint-parser': '~0.2.2',
79 silly resolved        'bower-json': '~0.4.0',
79 silly resolved        'bower-logger': '~0.2.2',
79 silly resolved        'bower-registry-client': '~0.2.0',
79 silly resolved        cardinal: '0.4.0',
79 silly resolved        chalk: '0.5.0',
79 silly resolved        chmodr: '0.1.0',
79 silly resolved        'decompress-zip': '0.0.8',
79 silly resolved        fstream: '~1.0.2',
79 silly resolved        'fstream-ignore': '~1.0.1',
79 silly resolved        glob: '~4.0.2',
79 silly resolved        'graceful-fs': '~3.0.1',
79 silly resolved        handlebars: '~2.0.0',
79 silly resolved        inquirer: '0.7.1',
79 silly resolved        insight: '0.4.3',
79 silly resolved        'is-root': '~1.0.0',
79 silly resolved        junk: '~1.0.0',
79 silly resolved        lockfile: '~1.0.0',
79 silly resolved        'lru-cache': '~2.5.0',
79 silly resolved        mkdirp: '0.5.0',
79 silly resolved        mout: '~0.9.0',
79 silly resolved        nopt: '~3.0.0',
79 silly resolved        opn: '~1.0.0',
79 silly resolved        osenv: '0.1.0',
79 silly resolved        'p-throttler': '0.1.0',
79 silly resolved        promptly: '0.2.0',
79 silly resolved        q: '~1.0.1',
79 silly resolved        request: '~2.42.0',
79 silly resolved        'request-progress': '0.3.0',
79 silly resolved        retry: '0.6.0',
79 silly resolved        rimraf: '~2.2.0',
79 silly resolved        semver: '~2.3.0',
79 silly resolved        'shell-quote': '~1.4.1',
79 silly resolved        'stringify-object': '~1.0.0',
79 silly resolved        'tar-fs': '0.5.2',
79 silly resolved        tmp: '0.0.23',
79 silly resolved        'update-notifier': '0.2.0',
79 silly resolved        which: '~1.0.5' },
79 silly resolved     devDependencies:
79 silly resolved      { coveralls: '~2.11.0',
79 silly resolved        'expect.js': '~0.3.1',
79 silly resolved        grunt: '~0.4.4',
79 silly resolved        'grunt-cli': '^0.1.13',
79 silly resolved        'grunt-contrib-jshint': '~0.10.0',
79 silly resolved        'grunt-contrib-watch': '~0.6.1',
79 silly resolved        'grunt-exec': '~0.4.2',
79 silly resolved        'grunt-simple-mocha': '~0.4.0',
79 silly resolved        istanbul: '~0.3.2',
79 silly resolved        'load-grunt-tasks': '~0.6.0',
79 silly resolved        mocha: '~1.21.4',
79 silly resolved        nock: '~0.46.0',
79 silly resolved        'node-uuid': '~1.4.1',
79 silly resolved        proxyquire: '~1.0.1' },
79 silly resolved     scripts: { test: 'grunt test' },
79 silly resolved     bin: { bower: 'bin/bower' },
79 silly resolved     preferGlobal: true,
79 silly resolved     gitHead: 'b26c072f0db054a1902ec4d2e3726dbf8a1c799a',
79 silly resolved     bugs: { url: 'https://github.com/bower/bower/issues' },
79 silly resolved     _id: 'bower@1.3.12',
79 silly resolved     _shasum: '37de0edb3904baf90aee13384a1a379a05ee214c',
79 silly resolved     _from: 'bower@',
79 silly resolved     _npmVersion: '2.0.0',
79 silly resolved     _npmUser: { name: 'sheerun', email: 'sheerun@sher.pl' },
79 silly resolved     maintainers: [ [Object], [Object], [Object], [Object], [Object], [Object] ],
79 silly resolved     dist:
79 silly resolved      { shasum: '37de0edb3904baf90aee13384a1a379a05ee214c',
79 silly resolved        tarball: 'http://registry.npmjs.org/bower/-/bower-1.3.12.tgz' },
79 silly resolved     directories: {},
79 silly resolved     _resolved: 'https://registry.npmjs.org/bower/-/bower-1.3.12.tgz',
79 silly resolved     readme: 'ERROR: No README data found!' },
79 silly resolved   { name: 'grunt-cli',
79 silly resolved     description: 'The grunt command line interface.',
79 silly resolved     version: '0.1.13',
79 silly resolved     author: { name: 'Grunt Team' },
79 silly resolved     homepage: 'http://gruntjs.com/',
79 silly resolved     repository: { type: 'git', url: 'git://github.com/gruntjs/grunt-cli.git' },
79 silly resolved     bugs: { url: 'http://github.com/gruntjs/grunt-cli/issues' },
79 silly resolved     licenses: [ [Object] ],
79 silly resolved     bin: { grunt: 'bin/grunt' },
79 silly resolved     engines: { node: '>= 0.8.0' },
79 silly resolved     scripts: { test: 'node bin/grunt test' },
79 silly resolved     preferGlobal: true,
79 silly resolved     dependencies: { nopt: '~1.0.10', 'findup-sync': '~0.1.0', resolve: '~0.3.1' },
79 silly resolved     devDependencies: { grunt: '~0.4.0', 'grunt-contrib-jshint': '~0.2.0' },
79 silly resolved     contributors: [ [Object], [Object], [Object], [Object] ],
79 silly resolved     _id: 'grunt-cli@0.1.13',
79 silly resolved     dist:
79 silly resolved      { shasum: 'e9ebc4047631f5012d922770c39378133cad10f4',
79 silly resolved        tarball: 'http://registry.npmjs.org/grunt-cli/-/grunt-cli-0.1.13.tgz' },
79 silly resolved     _from: 'grunt-cli@',
79 silly resolved     _npmVersion: '1.3.24',
79 silly resolved     _npmUser: { name: 'tkellen', email: 'tyler@sleekcode.net' },
79 silly resolved     maintainers: [ [Object] ],
79 silly resolved     directories: {},
79 silly resolved     _shasum: 'e9ebc4047631f5012d922770c39378133cad10f4',
79 silly resolved     _resolved: 'https://registry.npmjs.org/grunt-cli/-/grunt-cli-0.1.13.tgz' } ]
80 info install bower@1.3.12 into /usr/local/lib
81 info install grunt-cli@0.1.13 into /usr/local/lib
82 info installOne bower@1.3.12
83 info installOne grunt-cli@0.1.13
84 verbose lib/node_modules/bower unbuild
85 verbose tar unpack /Users/ChristopherValdez/.npm/bower/1.3.12/package.tgz
86 silly lockFile 1396471b-usr-local-lib-node-modules-bower tar:///usr/local/lib/node_modules/bower
87 verbose lock tar:///usr/local/lib/node_modules/bower /Users/ChristopherValdez/.npm/1396471b-usr-local-lib-node-modules-bower.lock
88 silly lockFile 6a19c0d1-dez-npm-bower-1-3-12-package-tgz tar:///Users/ChristopherValdez/.npm/bower/1.3.12/package.tgz
89 verbose lock tar:///Users/ChristopherValdez/.npm/bower/1.3.12/package.tgz /Users/ChristopherValdez/.npm/6a19c0d1-dez-npm-bower-1-3-12-package-tgz.lock
90 verbose lib/node_modules/grunt-cli unbuild
91 verbose tar unpack /Users/ChristopherValdez/.npm/grunt-cli/0.1.13/package.tgz
92 silly lockFile 466968dc-local-lib-node-modules-grunt-cli tar:///usr/local/lib/node_modules/grunt-cli
93 verbose lock tar:///usr/local/lib/node_modules/grunt-cli /Users/ChristopherValdez/.npm/466968dc-local-lib-node-modules-grunt-cli.lock
94 silly lockFile 4bd25e10-npm-grunt-cli-0-1-13-package-tgz tar:///Users/ChristopherValdez/.npm/grunt-cli/0.1.13/package.tgz
95 verbose lock tar:///Users/ChristopherValdez/.npm/grunt-cli/0.1.13/package.tgz /Users/ChristopherValdez/.npm/4bd25e10-npm-grunt-cli-0-1-13-package-tgz.lock
96 silly gunzTarPerm modes [ '755', '644' ]
97 silly gunzTarPerm modes [ '755', '644' ]
98 error Error: EACCES, mkdir '/usr/local/lib/node_modules/grunt-cli'
98 error  { [Error: EACCES, mkdir '/usr/local/lib/node_modules/grunt-cli']
98 error   errno: 3,
98 error   code: 'EACCES',
98 error   path: '/usr/local/lib/node_modules/grunt-cli',
98 error   fstream_type: 'Directory',
98 error   fstream_path: '/usr/local/lib/node_modules/grunt-cli',
98 error   fstream_class: 'DirWriter',
98 error   fstream_stack:
98 error    [ '/usr/local/lib/node_modules/npm/node_modules/fstream/lib/dir-writer.js:36:23',
98 error      '/usr/local/lib/node_modules/npm/node_modules/mkdirp/index.js:46:53',
98 error      'Object.oncomplete (fs.js:107:15)' ] }
99 error Please try running this command again as root/Administrator.
100 error System Darwin 13.4.0
101 error command "node" "/usr/local/bin/npm" "install" "-g" "bower" "grunt-cli"
102 error cwd /Users/ChristopherValdez/Documents/MakerSquare/thewhether.github.io
103 error node -v v0.10.32
104 error npm -v 1.4.28
105 error path /usr/local/lib/node_modules/grunt-cli
106 error fstream_path /usr/local/lib/node_modules/grunt-cli
107 error fstream_type Directory
108 error fstream_class DirWriter
109 error code EACCES
110 error errno 3
111 error stack Error: EACCES, mkdir '/usr/local/lib/node_modules/grunt-cli'
112 error fstream_stack /usr/local/lib/node_modules/npm/node_modules/fstream/lib/dir-writer.js:36:23
112 error fstream_stack /usr/local/lib/node_modules/npm/node_modules/mkdirp/index.js:46:53
112 error fstream_stack Object.oncomplete (fs.js:107:15)
113 verbose exit [ 3, true ]
